ERROR: Loaded Prisma config from prisma.config.ts.

ERROR: Prisma config detected, skipping environment variable loading.
Prisma schema loaded from prisma\schema.prisma
Datasource "db": PostgreSQL database "digisav_db", schema "public" at "localhost:5432"

Drift detected: Your database schema is not in sync with your migration history.

The following is a summary of the differences between the expected database schema given your migrations files, and the actual schema of the database.

It should be understood as the set of changes to get from the expected schema to the actual schema.

[+] Added tables
  - invitations
  - notifications
  - password_reset_tokens

[*] Changed the `UserRole` enum
  [+] Added variant `SYS_ADMIN`

[*] Changed the `invitations` table
  [+] Added index on columns (groupId)
  [+] Added index on columns (token)
  [+] Added unique index on columns (token)
  [+] Added foreign key on columns (groupId)

[*] Changed the `members` table
  [+] Added column `optInMessaging`

[*] Changed the `messages` table
  [+] Added column `externalId`
  [+] Added unique index on columns (externalId)

[*] Changed the `notifications` table
  [+] Added index on columns (userId)
  [+] Added index on columns (userId, isRead)
  [+] Added foreign key on columns (userId)

[*] Changed the `password_reset_tokens` table
  [+] Added index on columns (token)
  [+] Added unique index on columns (token)
  [+] Added index on columns (userId)
  [+] Added foreign key on columns (userId)

We need to reset the "public" schema at "localhost:5432"

You may use prisma migrate reset to drop the development database.
All data will be lost.
Exited 130